INFO:root:15;11;29.34752893447876;86496
INFO:root:15;4;29.531543254852295;87211
INFO:root:15;3;29.557552099227905;87200
INFO:root:15;14;29.627553939819336;87421
INFO:root:15;12;29.64055824279785;87558
INFO:root:15;6;29.656559467315674;87622
INFO:root:15;10;29.654560565948486;87646
INFO:root:15;0;29.666566848754883;87544
INFO:root:15;1;29.677561283111572;87720
INFO:root:15;9;29.670559406280518;87424
INFO:root:15;8;29.6755588054657;87751
INFO:root:15;7;29.678560733795166;87697
INFO:root:15;5;29.682557821273804;87812
INFO:root:15;2;29.685558795928955;87714
INFO:root:15;13;29.67655849456787;87830
INFO:root:16;12;31.42883276939392;87350
INFO:root:16;2;31.750860691070557;88240
INFO:root:16;14;31.744860887527466;88286
INFO:root:16;11;31.76686120033264;88328
INFO:root:16;8;31.779858350753784;88277
INFO:root:16;3;31.802845239639282;88368
INFO:root:16;0;31.84686827659607;87674
INFO:root:16;4;31.84785008430481;88640
INFO:root:16;9;31.861857414245605;88758
INFO:root:16;13;31.865870475769043;88825
INFO:root:16;15;31.86587166786194;88825
INFO:root:16;7;31.877866983413696;88869
INFO:root:16;6;31.88486933708191;88703
INFO:root:16;5;31.8948655128479;89075
INFO:root:16;10;31.89186954498291;89140
INFO:root:17;1;33.269376039505005;87106
INFO:root:17;8;33.48538541793823;87577
INFO:root:17;15;33.59340190887451;88082
INFO:root:17;2;33.638402700424194;87881
INFO:root:17;4;33.66240406036377;88274
INFO:root:17;16;33.66639018058777;88298
INFO:root:17;13;33.67740821838379;88330
INFO:root:17;6;33.68640685081482;88361
INFO:root:17;7;33.691407203674316;88360
INFO:root:17;14;33.710416316986084;88491
INFO:root:17;12;33.71741604804993;88411
INFO:root:17;0;33.73141884803772;88366
INFO:root:17;3;33.72741389274597;88559
INFO:root:17;10;33.72640943527222;88569
INFO:root:17;5;33.73441934585571;88670
INFO:root:18;15;34.07970595359802;87345
INFO:root:18;5;34.24672174453735;87973
INFO:root:18;17;34.29772186279297;88447
INFO:root:18;6;34.345728397369385;88511
INFO:root:18;13;34.35072660446167;88145
INFO:root:18;7;34.374728202819824;88467
INFO:root:18;16;34.375725507736206;88686
INFO:root:18;1;34.401734590530396;88190
INFO:root:18;3;34.40472626686096;88755
INFO:root:18;0;34.4127676486969;88194
INFO:root:18;9;34.41173267364502;88328
INFO:root:18;4;34.41972851753235;88378
INFO:root:18;10;34.415724754333496;88744
INFO:root:18;8;34.42073321342468;88468
INFO:root:18;11;34.42373061180115;88722
INFO:root:18;2;34.43474221229553;88989
INFO:root:18;12;34.42673325538635;89026
INFO:root:19;5;36.05863904953003;87010
INFO:root:19;17;36.33209848403931;87689
INFO:root:19;14;36.41710186004639;88074
INFO:root:19;13;36.42910027503967;87750
INFO:root:19;2;36.49811005592346;88282
INFO:root:19;9;36.536110162734985;88236
INFO:root:19;12;36.54311466217041;88328
INFO:root:19;3;36.56811332702637;88527
INFO:root:19;1;36.57112002372742;88453
INFO:root:19;6;36.56811213493347;88531
INFO:root:19;7;36.57011651992798;88544
INFO:root:19;8;36.578118562698364;88510
INFO:root:19;11;36.5871205329895;88607
INFO:root:19;15;36.593119382858276;87783
INFO:root:19;16;36.59912633895874;88705
INFO:root:19;0;36.61613082885742;88448
INFO:root:19;4;36.61311912536621;87899
INFO:root:20;10;40.11090707778931;86430
INFO:root:20;13;40.57594656944275;88075
INFO:root:20;17;40.63094162940979;88330
INFO:root:20;14;40.649951457977295;88750
INFO:root:20;0;40.67994046211243;88669
INFO:root:20;5;40.682942152023315;88644
INFO:root:20;6;40.68194937705994;88842
INFO:root:20;3;40.688947439193726;88882
INFO:root:20;7;40.69194984436035;88660
INFO:root:20;2;40.698952436447144;88941
INFO:root:20;9;40.69195032119751;88434
INFO:root:20;16;40.69395565986633;88790
INFO:root:20;4;40.70395374298096;88126
INFO:root:20;11;40.70295524597168;88861
INFO:root:20;18;40.70594906806946;89060
INFO:root:20;12;40.71595764160156;89093
INFO:root:20;8;40.72295260429382;88137
INFO:root:20;19;40.71795630455017;89176
INFO:root:20;1;40.735954999923706;88477
INFO:root:20;15;40.72795748710632;89461
INFO:root:21;15;40.69538998603821;87934
INFO:root:21;16;40.74539375305176;87957
INFO:root:21;3;40.79239082336426;88135
INFO:root:21;20;40.798396587371826;88151
INFO:root:21;4;40.81439447402954;88081
INFO:root:21;5;40.84739542007446;88280
INFO:root:21;7;40.85739707946777;88269
INFO:root:21;12;40.867390632629395;88387
INFO:root:21;17;40.87240266799927;88315
INFO:root:21;8;40.91140341758728;88542
INFO:root:21;1;40.931392669677734;88533
INFO:root:21;13;40.93440914154053;88551
INFO:root:21;14;40.93640923500061;88622
INFO:root:21;19;40.933409214019775;88634
INFO:root:21;2;40.950397968292236;88624
INFO:root:21;6;40.95640420913696;88629
INFO:root:21;18;40.94940257072449;88710
INFO:root:21;11;40.954421043395996;88714
INFO:root:21;0;40.967408895492554;88801
INFO:root:21;10;40.95840787887573;88758
INFO:root:22;3;42.4712278842926;87576
INFO:root:22;8;42.566251039505005;87531
INFO:root:22;9;42.75827431678772;88239
INFO:root:22;11;42.780272245407104;88093
INFO:root:22;6;42.789268493652344;86007
INFO:root:22;16;42.83427715301514;88357
INFO:root:22;20;42.84427785873413;88452
INFO:root:22;7;42.855276346206665;88473
INFO:root:22;5;42.863271713256836;88486
INFO:root:22;15;42.8732795715332;88489
INFO:root:22;21;42.879279375076294;88587
INFO:root:22;18;42.88127613067627;88485
INFO:root:22;0;42.912266969680786;88514
INFO:root:22;12;42.92128324508667;88323
INFO:root:22;1;42.935264587402344;88789
INFO:root:22;10;42.93228268623352;88733
INFO:root:22;19;42.92728233337402;88430
INFO:root:22;17;42.93128228187561;88051
INFO:root:22;14;42.93428635597229;88712
INFO:root:22;13;42.93728590011597;88515
INFO:root:22;4;42.945274114608765;87873
INFO:root:22;2;42.9472861289978;88903
INFO:root:23;14;42.16154456138611;86828
INFO:root:23;0;42.50858783721924;87550
INFO:root:23;12;42.502583026885986;87533
INFO:root:23;11;42.50658321380615;87559
INFO:root:23;2;42.520586013793945;87326
INFO:root:23;9;42.55958795547485;87714
INFO:root:23;10;42.564587116241455;87670
INFO:root:23;15;42.56557893753052;87747
INFO:root:23;7;42.571587562561035;87748
INFO:root:23;21;42.56957936286926;87718
INFO:root:23;20;42.58159327507019;87790
INFO:root:23;4;42.61758828163147;87772
INFO:root:23;6;42.61659336090088;87903
INFO:root:23;5;42.623591899871826;87897
INFO:root:23;16;42.63059735298157;88019
INFO:root:23;1;42.65459489822388;87985
INFO:root:23;17;42.64559745788574;88105
INFO:root:23;13;42.65059757232666;88114
INFO:root:23;18;42.649596214294434;88086
INFO:root:23;22;42.64858794212341;88164
INFO:root:23;19;42.65259838104248;87910
INFO:root:24;11;45.95068907737732;85913
INFO:root:24;14;46.24871063232422;88730
INFO:root:24;13;46.33372211456299;89037
INFO:root:24;3;46.39372181892395;89191
INFO:root:24;4;46.40972352027893;89192
INFO:root:24;6;46.47673940658569;88842
INFO:root:24;12;46.482733964920044;89413
INFO:root:24;21;46.4897403717041;87820
INFO:root:24;7;46.528743743896484;88107
INFO:root:24;5;46.5347363948822;89508
INFO:root:24;18;46.53374218940735;89538
INFO:root:24;19;46.537742137908936;89539
INFO:root:24;2;46.55774235725403;89464
INFO:root:24;8;46.566742181777954;89481
INFO:root:24;23;46.563740730285645;88778
INFO:root:24;1;46.58474779129028;89561
INFO:root:24;20;46.573742151260376;89654
INFO:root:24;15;46.59074091911316;88914
INFO:root:24;9;46.599745750427246;89773
INFO:root:24;10;46.60074782371521;89586
INFO:root:24;17;46.59574508666992;89804
INFO:root:24;0;46.61174559593201;89356
INFO:root:24;22;46.595743894577026;88347
INFO:root:24;16;46.600738525390625;89914
INFO:root:25;21;46.45540904998779;88640
INFO:root:25;18;46.577420711517334;88804
INFO:root:25;20;46.583423137664795;88883
INFO:root:25;6;46.5954167842865;88850
INFO:root:25;4;46.63541769981384;88970
INFO:root:25;15;46.68843460083008;89096
INFO:root:25;16;46.7134895324707;88953
INFO:root:25;9;46.723490953445435;89068
INFO:root:25;1;46.734495401382446;89071
INFO:root:25;23;46.72049617767334;89153
INFO:root:25;0;46.74347972869873;88659
INFO:root:25;17;46.72949194908142;88973
INFO:root:25;8;46.737492084503174;89135
INFO:root:25;12;46.74049115180969;89024
INFO:root:25;22;46.73949193954468;88816
INFO:root:25;14;46.75249218940735;89126
INFO:root:25;5;46.7684965133667;89242
INFO:root:25;10;46.77549433708191;89204
INFO:root:25;11;46.77449321746826;89297
INFO:root:25;2;46.787474632263184;89281
INFO:root:25;13;46.781490325927734;89320
INFO:root:25;3;46.79147720336914;89359
INFO:root:25;19;46.77949523925781;89404
INFO:root:25;24;46.77749419212341;89354
